#
# A fatal error has been detected by the Java Runtime Environment:
#
#  SIGBUS (0xa) at pc=0x000000010724fec9, pid=11881, tid=0x0000000000002b03
#
# JRE version: OpenJDK Runtime Environment (8.0_112-b06) (build 1.8.0_112-release-b06)
# Java VM: OpenJDK 64-Bit Server VM (25.112-b06 mixed mode bsd-amd64 compressed oops)
# Problematic frame:
# C  [libsystem_platform.dylib+0x5ec9]  _platform_memmove$VARIANT$Haswell+0x29
#
# Failed to write core dump. Core dumps have been disabled. To enable core dumping, try "ulimit -c unlimited" before starting Java again
#
# If you would like to submit a bug report, please visit:
#   http://bugreport.java.com/bugreport/crash.jsp
#

---------------  T H R E A D  ---------------

Current thread (0x00007fcb2500a000):  GCTaskThread [stack: 0x0000700008ec2000,0x0000700008fc2000] [id=11011]

siginfo: si_signo: 10 (SIGBUS), si_code: 2 (BUS_ADRERR), si_addr: 0x00000007b7b00000

Registers:
RAX=0x0000000763646100, RBX=0x0000000000000025, RCX=0x0000000001681ba0, RDX=0x00000000096b7088
RSP=0x0000700008fc1bc0, RBP=0x0000700008fc1bc0, RSI=0x00000007b7b00000, RDI=0x000000076b67b5e8
R8 =0x0000000108886b76, R9 =0x0000000763646100, R10=0x000000076ccfd188, R11=0xffffffffb3b7b5e8
R12=0x00007fcb26028d01, R13=0x0000000763646100, R14=0x00007fcb26028d40, R15=0x00000000012d6e11
RIP=0x000000010724fec9, EFLAGS=0x0000000000010206, ERR=0x0000000000000004
  TRAPNO=0x000000000000000e

Top of Stack: (sp=0x0000700008fc1bc0)
0x0000700008fc1bc0:   0000700008fc1bd0 00000001081980ec
0x0000700008fc1bd0:   0000700008fc1c40 0000000108498204
0x0000700008fc1be0:   0000700008fc1c70 00000007afacab18
0x0000700008fc1bf0:   00000007b6c1c720 0000000000001000
0x0000700008fc1c00:   000000076361e100 0000000000000400
0x0000700008fc1c10:   000000000000002d 00000007b6bd6b1d
0x0000700008fc1c20:   0000000108886b76 00000007b6bd6b1d
0x0000700008fc1c30:   00000007b6bd6b1c 00007fcb26028dd8
0x0000700008fc1c40:   0000700008fc1c60 0000000108498523
0x0000700008fc1c50:   00007fcb26028d40 00007fcb26028da0
0x0000700008fc1c60:   0000700008fc1cc0 0000000108497541
0x0000700008fc1c70:   0000000762ba63a4 00000007c082b240
0x0000700008fc1c80:   00000007b6bd6b1d 00000007c082b240
0x0000700008fc1c90:   00007fcb26028d40 0000000762ba6400
0x0000700008fc1ca0:   0000000108ecbd32 0000000762ba6400
0x0000700008fc1cb0:   0000000108ecbd81 0000000000000240
0x0000700008fc1cc0:   0000700008fc1d80 0000000108155dd8
0x0000700008fc1cd0:   0000000000000000 0000000000000200
0x0000700008fc1ce0:   fffffffef7130d9b 0000000000000100
0x0000700008fc1cf0:   0000000108ecf263 00000001053b6100
0x0000700008fc1d00:   0000000108ecf264 0000000003b15c00
0x0000700008fc1d10:   fffffffef713427f 0000000003b19264
0x0000700008fc1d20:   0000000108ecbd80 0000000108ecbd01
0x0000700008fc1d30:   000000076324c638 0000000762bb0010
0x0000700008fc1d40:   00007fcb24407ea0 00007fcb26028d40
0x0000700008fc1d50:   00007fcb24407c20 00007fcb245176b0
0x0000700008fc1d60:   0000000000000000 00000001085db9bd
0x0000700008fc1d70:   00007fcb26028d40 0000000000000001
0x0000700008fc1d80:   0000700008fc1db0 000000010849b00f
0x0000700008fc1d90:   0000000000000004 00007fcb245125c0
0x0000700008fc1da0:   00007fcb2500a000 00007fcb245176b0
0x0000700008fc1db0:   0000700008fc1e90 000000010826dc37 

Instructions: (pc=0x000000010724fec9)
0x000000010724fea9:   f3 48 89 f8 49 39 d3 72 1b 48 83 fa 60 76 2f 48
0x000000010724feb9:   81 fa 00 40 00 00 0f 82 bb 00 00 00 48 89 d1 fc
0x000000010724fec9:   f3 a4 5d c3 48 39 fe 74 f9 48 01 d6 48 01 d7 48
0x000000010724fed9:   83 fa 60 0f 82 5c 01 00 00 e9 79 01 00 00 48 83 

Register to memory mapping:

RAX=0x0000000763646100 is an oop

[error occurred during error reporting (printing register info), id 0xa]

Stack: [0x0000700008ec2000,0x0000700008fc2000],  sp=0x0000700008fc1bc0,  free space=1022k
Native frames: (J=compiled Java code, j=interpreted, Vv=VM code, C=native code)
C  [libsystem_platform.dylib+0x5ec9]  _platform_memmove$VARIANT$Haswell+0x29
V  [libjvm.dylib+0x1980ec]  Copy::pd_disjoint_words(HeapWord*, HeapWord*, unsigned long)+0x6c
V  [libjvm.dylib+0x498204]  oopDesc* PSPromotionManager::copy_to_survivor_space<false>(oopDesc*)+0x22c
V  [libjvm.dylib+0x498523]  PSPromotionManager::process_popped_location_depth(StarTask)+0x73
V  [libjvm.dylib+0x497541]  PSPromotionManager::drain_stacks_depth(bool)+0x117
V  [libjvm.dylib+0x155dd8]  CardTableExtension::scavenge_contents_parallel(ObjectStartArray*, MutableSpace*, HeapWord*, PSPromotionManager*, unsigned int, unsigned int)+0x380
V  [libjvm.dylib+0x49b00f]  OldToYoungRootsTask::do_it(GCTaskManager*, unsigned int)+0x4b
V  [libjvm.dylib+0x26dc37]  GCTaskThread::run()+0x1a1
V  [libjvm.dylib+0x45bf0a]  java_start(Thread*)+0xf6
C  [libsystem_pthread.dylib+0x393b]  _pthread_body+0xb4
C  [libsystem_pthread.dylib+0x3887]  _pthread_body+0x0
C  [libsystem_pthread.dylib+0x308d]  thread_start+0xd


---------------  P R O C E S S  ---------------

Java Threads: ( => current thread )
  0x00007fcb2a76e000 JavaThread "pool-40-thread-4" [_thread_blocked, id=35607, stack(0x000070000ad47000,0x000070000ae47000)]
  0x00007fcb26691800 JavaThread "pool-40-thread-3" [_thread_blocked, id=4879, stack(0x000070000ac44000,0x000070000ad44000)]
  0x00007fcb29e01800 JavaThread "pool-40-thread-2" [_thread_blocked, id=26899, stack(0x000070000ab41000,0x000070000ac41000)]
  0x00007fcb29ee5800 JavaThread "pool-41-thread-1" [_thread_blocked, id=34587, stack(0x000070000aa3e000,0x000070000ab3e000)]
  0x00007fcb2a2f3800 JavaThread "pool-40-thread-1" [_thread_blocked, id=25619, stack(0x000070000a52f000,0x000070000a62f000)]
  0x00007fcb2a2f7000 JavaThread "pool-35-thread-3" [_thread_blocked, id=4371, stack(0x000070000a42c000,0x000070000a52c000)]
  0x00007fcb27bc2000 JavaThread "process reaper" daemon [_thread_blocked, id=27403, stack(0x000070000a0f8000,0x000070000a120000)]
  0x00007fcb24c8c800 JavaThread "pool-35-thread-2" [_thread_blocked, id=22795, stack(0x000070000a329000,0x000070000a429000)]
  0x00007fcb2a243800 JavaThread "pool-35-thread-1" [_thread_blocked, id=22283, stack(0x000070000a226000,0x000070000a326000)]
  0x00007fcb24fec800 JavaThread "Cache update executor" [_thread_blocked, id=21259, stack(0x0000700009ef2000,0x0000700009ff2000)]
  0x00007fcb27bd7000 JavaThread "Stdin handler" [_thread_blocked, id=20747, stack(0x0000700009def000,0x0000700009eef000)]
  0x00007fcb27bd6000 JavaThread "Asynchronous log dispatcher for DefaultDaemonConnection: socket connection from /127.0.0.1:60815 to /127.0.0.1:61263" [_thread_blocked, id=34319, stack(0x0000700009cec000,0x0000700009dec000)]
  0x00007fcb2a7d8000 JavaThread "Daemon worker Thread 2" [_thread_blocked, id=34063, stack(0x0000700009be9000,0x0000700009ce9000)]
  0x00007fcb2a7d7000 JavaThread "Cancel handler" [_thread_blocked, id=23815, stack(0x0000700009ae6000,0x0000700009be6000)]
  0x00007fcb26787000 JavaThread "Handler for socket connection from /127.0.0.1:60815 to /127.0.0.1:61263" [_thread_in_native, id=21767, stack(0x00007000099e3000,0x0000700009ae3000)]
  0x00007fcb25201000 JavaThread "Daemon Thread 2" [_thread_blocked, id=20231, stack(0x000070000892d000,0x0000700008a2d000)]
  0x00007fcb2abab800 JavaThread "pool-7-thread-2" [_thread_blocked, id=27907, stack(0x000070000a93b000,0x000070000aa3b000)]
  0x00007fcb2abaa800 JavaThread "pool-7-thread-1" [_thread_blocked, id=25863, stack(0x000070000a838000,0x000070000a938000)]
  0x00007fcb26615000 JavaThread "pool-7-thread-4" [_thread_blocked, id=26375, stack(0x000070000a735000,0x000070000a835000)]
  0x00007fcb24ae5800 JavaThread "pool-7-thread-3" [_thread_blocked, id=27655, stack(0x000070000a632000,0x000070000a732000)]
  0x00007fcb24d68800 JavaThread "File lock request listener" [_thread_in_native, id=24331, stack(0x000070000a123000,0x000070000a223000)]
  0x00007fcb25c65800 JavaThread "pool-1-thread-1" [_thread_blocked, id=23303, stack(0x0000700009ff5000,0x000070000a0f5000)]
  0x00007fcb26475000 JavaThread "Incoming local TCP Connector on port 60815" [_thread_in_native, id=19715, stack(0x00007000098e0000,0x00007000099e0000)]
  0x00007fcb25067000 JavaThread "Service Thread" daemon [_thread_blocked, id=18691, stack(0x00007000096da000,0x00007000097da000)]
  0x00007fcb25054000 JavaThread "C1 CompilerThread2" daemon [_thread_blocked, id=18179, stack(0x00007000095d7000,0x00007000096d7000)]
  0x00007fcb25053000 JavaThread "C2 CompilerThread1" daemon [_thread_blocked, id=17667, stack(0x00007000094d4000,0x00007000095d4000)]
  0x00007fcb25051800 JavaThread "C2 CompilerThread0" daemon [_thread_blocked, id=17155, stack(0x00007000093d1000,0x00007000094d1000)]
  0x00007fcb26009800 JavaThread "Signal Dispatcher" daemon [_thread_blocked, id=16643, stack(0x00007000092ce000,0x00007000093ce000)]
  0x00007fcb2580f000 JavaThread "Finalizer" daemon [_thread_blocked, id=12547, stack(0x00007000091cb000,0x00007000092cb000)]
  0x00007fcb2580c800 JavaThread "Reference Handler" daemon [_thread_blocked, id=12035, stack(0x00007000090c8000,0x00007000091c8000)]
  0x00007fcb24807800 JavaThread "main" [_thread_blocked, id=7171, stack(0x0000700008ab6000,0x0000700008bb6000)]

Other Threads:
  0x00007fcb26029800 VMThread [stack: 0x0000700008fc5000,0x00007000090c5000] [id=11523]
  0x00007fcb25067800 WatcherThread [stack: 0x00007000097dd000,0x00007000098dd000] [id=19203]

=>0x00007fcb2500a000 (exited) GCTaskThread [stack: 0x0000700008ec2000,0x0000700008fc2000] [id=11011]

VM state:at safepoint (normal execution)

VM Mutex/Monitor currently owned by a thread:  ([mutex/lock_event])
[0x00007fcb24401bd0] Threads_lock - owner thread: 0x00007fcb26029800
[0x00007fcb244020d0] Heap_lock - owner thread: 0x00007fcb2a2f3800

Heap:
 PSYoungGen      total 277504K, used 260663K [0x00000007a0000000, 0x00000007b7b00000, 0x00000007c0000000)
  eden space 239616K, 100% used [0x00000007a0000000,0x00000007aea00000,0x00000007aea00000)
  from space 37888K, 55% used [0x00000007aea00000,0x00000007afe8dcf0,0x00000007b0f00000)
  to   space 37888K, 99% used [0x00000007b5600000,0x00000007b7afa5f0,0x00000007b7b00000)
 ParOldGen       total 310272K, used 210980K [0x0000000760000000, 0x0000000772f00000, 0x00000007a0000000)
  object space 310272K, 67% used [0x0000000760000000,0x000000076ce091a8,0x0000000772f00000)
 Metaspace       used 66659K, capacity 69068K, committed 69376K, reserved 1110016K
  class space    used 8472K, capacity 8907K, committed 8960K, reserved 1048576K

Card table byte_map: [0x0000000108eb6000,0x00000001091b7000] byte_map_base: 0x00000001053b6000

Marking Bits: (ParMarkBitMap*) 0x000000010888bed0
 Begin Bits: [0x0000000119f36000, 0x000000011b736000)
 End Bits:   [0x000000011b736000, 0x000000011cf36000)

Polling page: 0x0000000106741000

CodeCache: size=245760Kb used=35236Kb max_used=35236Kb free=210523Kb
 bounds [0x000000010af36000, 0x000000010d1d6000, 0x0000000119f36000]
 total_blobs=12020 nmethods=11229 adapters=704
 compilation: enabled

Compilation events (10 events):
Event: 971.756 Thread 0x00007fcb25054000 nmethod 14502 0x000000010d1bb050 code [0x000000010d1bb620, 0x000000010d1c00f8]
Event: 971.756 Thread 0x00007fcb25054000 14448 %     3       com.android.dx.dex.code.RopTranslator::outputInstructions @ 19 (69 bytes)
Event: 971.756 Thread 0x00007fcb25054000 nmethod 14448% 0x000000010d1c3810 code [0x000000010d1c39a0, 0x000000010d1c3e98]
Event: 971.756 Thread 0x00007fcb25054000 14416 %     3       com.android.dx.dex.code.BlockAddresses::setupArrays @ 13 (113 bytes)
Event: 971.758 Thread 0x00007fcb25054000 nmethod 14416% 0x000000010d1c4110 code [0x000000010d1c43e0, 0x000000010d1c5ed8]
Event: 971.758 Thread 0x00007fcb25054000 14473       3       com.android.dx.util.LabeledList::rebuildLabelToIndex (46 bytes)
Event: 971.758 Thread 0x00007fcb25054000 nmethod 14473 0x000000010d1c6d50 code [0x000000010d1c6f00, 0x000000010d1c7588]
Event: 971.758 Thread 0x00007fcb25054000 14503 %     3       com.android.dx.ssa.ConstCollector::getConstsSortedByCountUse @ 27 (337 bytes)
Event: 971.762 Thread 0x00007fcb25054000 nmethod 14503% 0x000000010d1c7790 code [0x000000010d1c7c80, 0x000000010d1cb3f8]
Event: 971.765 Thread 0x00007fcb25054000 14466       1       com.android.dx.cf.direct.AttributeListParser::setObserver (6 bytes)

GC Heap History (10 events):
Event: 37.128 GC heap after
Heap after GC invocations=22 (full 3):
 PSYoungGen      total 189440K, used 16588K [0x00000007a0000000, 0x00000007afb00000, 0x00000007c0000000)
  eden space 165376K, 0% used [0x00000007a0000000,0x00000007a0000000,0x00000007aa180000)
  from space 24064K, 68% used [0x00000007aa180000,0x00000007ab1b3350,0x00000007ab900000)
  to   space 25088K, 0% used [0x00000007ae280000,0x00000007ae280000,0x00000007afb00000)
 ParOldGen       total 155648K, used 34816K [0x0000000760000000, 0x0000000769800000, 0x00000007a0000000)
  object space 155648K, 22% used [0x0000000760000000,0x0000000762200318,0x0000000769800000)
 Metaspace       used 61674K, capacity 63738K, committed 63872K, reserved 1103872K
  class space    used 8088K, capacity 8526K, committed 8576K, reserved 1048576K
}
Event: 39.757 GC heap before
{Heap before GC invocations=23 (full 3):
 PSYoungGen      total 189440K, used 181964K [0x00000007a0000000, 0x00000007afb00000, 0x00000007c0000000)
  eden space 165376K, 100% used [0x00000007a0000000,0x00000007aa180000,0x00000007aa180000)
  from space 24064K, 68% used [0x00000007aa180000,0x00000007ab1b3350,0x00000007ab900000)
  to   space 25088K, 0% used [0x00000007ae280000,0x00000007ae280000,0x00000007afb00000)
 ParOldGen       total 155648K, used 34816K [0x0000000760000000, 0x0000000769800000, 0x00000007a0000000)
  object space 155648K, 22% used [0x0000000760000000,0x0000000762200318,0x0000000769800000)
 Metaspace       used 62028K, capacity 64122K, committed 64384K, reserved 1105920K
  class space    used 8089K, capacity 8526K, committed 8576K, reserved 1048576K
Event: 39.797 GC heap after
Heap after GC invocations=23 (full 3):
 PSYoungGen      total 221696K, used 25083K [0x00000007a0000000, 0x00000007b0c80000, 0x00000007c0000000)
  eden space 196608K, 0% used [0x00000007a0000000,0x00000007a0000000,0x00000007ac000000)
  from space 25088K, 99% used [0x00000007ae280000,0x00000007afafeca0,0x00000007afb00000)
  to   space 35328K, 0% used [0x00000007ac000000,0x00000007ac000000,0x00000007ae280000)
 ParOldGen       total 155648K, used 50993K [0x0000000760000000, 0x0000000769800000, 0x00000007a0000000)
  object space 155648K, 32% used [0x0000000760000000,0x00000007631cc638,0x0000000769800000)
 Metaspace       used 62028K, capacity 64122K, committed 64384K, reserved 1105920K
  class space    used 8089K, capacity 8526K, committed 8576K, reserved 1048576K
}
Event: 42.884 GC heap before
{Heap before GC invocations=24 (full 3):
 PSYoungGen      total 221696K, used 221610K [0x00000007a0000000, 0x00000007b0c80000, 0x00000007c0000000)
  eden space 196608K, 99% used [0x00000007a0000000,0x00000007abfebd90,0x00000007ac000000)
  from space 25088K, 99% used [0x00000007ae280000,0x00000007afafeca0,0x00000007afb00000)
  to   space 35328K, 0% used [0x00000007ac000000,0x00000007ac000000,0x00000007ae280000)
 ParOldGen       total 155648K, used 50993K [0x0000000760000000, 0x0000000769800000, 0x00000007a0000000)
  object space 155648K, 32% used [0x0000000760000000,0x00000007631cc638,0x0000000769800000)
 Metaspace       used 63366K, capacity 65468K, committed 65536K, reserved 1105920K
  class space    used 8257K, capacity 8667K, committed 8704K, reserved 1048576K
Event: 42.934 GC heap after
Heap after GC invocations=24 (full 3):
 PSYoungGen      total 231936K, used 25308K [0x00000007a0000000, 0x00000007b3400000, 0x00000007c0000000)
  eden space 196608K, 0% used [0x00000007a0000000,0x00000007a0000000,0x00000007ac000000)
  from space 35328K, 71% used [0x00000007ac000000,0x00000007ad8b7130,0x00000007ae280000)
  to   space 37888K, 0% used [0x00000007b0f00000,0x00000007b0f00000,0x00000007b3400000)
 ParOldGen       total 155648K, used 51001K [0x0000000760000000, 0x0000000769800000, 0x00000007a0000000)
  object space 155648K, 32% used [0x0000000760000000,0x00000007631ce638,0x0000000769800000)
 Metaspace       used 63366K, capacity 65468K, committed 65536K, reserved 1105920K
  class space    used 8257K, capacity 8667K, committed 8704K, reserved 1048576K
}
Event: 43.050 GC heap before
{Heap before GC invocations=25 (full 3):
 PSYoungGen      total 231936K, used 221218K [0x00000007a0000000, 0x00000007b3400000, 0x00000007c0000000)
  eden space 196608K, 99% used [0x00000007a0000000,0x00000007abf51878,0x00000007ac000000)
  from space 35328K, 71% used [0x00000007ac000000,0x00000007ad8b7130,0x00000007ae280000)
  to   space 37888K, 0% used [0x00000007b0f00000,0x00000007b0f00000,0x00000007b3400000)
 ParOldGen       total 155648K, used 51001K [0x0000000760000000, 0x0000000769800000, 0x00000007a0000000)
  object space 155648K, 32% used [0x0000000760000000,0x00000007631ce638,0x0000000769800000)
 Metaspace       used 63367K, capacity 65468K, committed 65536K, reserved 1105920K
  class space    used 8257K, capacity 8667K, committed 8704K, reserved 1048576K
Event: 43.099 GC heap after
Heap after GC invocations=25 (full 3):
 PSYoungGen      total 277504K, used 20910K [0x00000007a0000000, 0x00000007b4800000, 0x00000007c0000000)
  eden space 239616K, 0% used [0x00000007a0000000,0x00000007a0000000,0x00000007aea00000)
  from space 37888K, 55% used [0x00000007b0f00000,0x00000007b236b828,0x00000007b3400000)
  to   space 37888K, 0% used [0x00000007aea00000,0x00000007aea00000,0x00000007b0f00000)
 ParOldGen       total 155648K, used 51001K [0x0000000760000000, 0x0000000769800000, 0x00000007a0000000)
  object space 155648K, 32% used [0x0000000760000000,0x00000007631ce638,0x0000000769800000)
 Metaspace       used 63367K, capacity 65468K, committed 65536K, reserved 1105920K
  class space    used 8257K, capacity 8667K, committed 8704K, reserved 1048576K
}
Event: 968.725 GC heap before
{Heap before GC invocations=26 (full 3):
 PSYoungGen      total 277504K, used 260526K [0x00000007a0000000, 0x00000007b4800000, 0x00000007c0000000)
  eden space 239616K, 100% used [0x00000007a0000000,0x00000007aea00000,0x00000007aea00000)
  from space 37888K, 55% used [0x00000007b0f00000,0x00000007b236b828,0x00000007b3400000)
  to   space 37888K, 0% used [0x00000007aea00000,0x00000007aea00000,0x00000007b0f00000)
 ParOldGen       total 155648K, used 51001K [0x0000000760000000, 0x0000000769800000, 0x00000007a0000000)
  object space 155648K, 32% used [0x0000000760000000,0x00000007631ce638,0x0000000769800000)
 Metaspace       used 66090K, capacity 68370K, committed 68608K, reserved 1110016K
  class space    used 8447K, capacity 8876K, committed 8960K, reserved 1048576K
Event: 968.773 GC heap after
Heap after GC invocations=26 (full 3):
 PSYoungGen      total 277504K, used 21047K [0x00000007a0000000, 0x00000007b7b00000, 0x00000007c0000000)
  eden space 239616K, 0% used [0x00000007a0000000,0x00000007a0000000,0x00000007aea00000)
  from space 37888K, 55% used [0x00000007aea00000,0x00000007afe8dcf0,0x00000007b0f00000)
  to   space 37888K, 0% used [0x00000007b5600000,0x00000007b5600000,0x00000007b7b00000)
 ParOldGen       total 155648K, used 51505K [0x0000000760000000, 0x0000000769800000, 0x00000007a0000000)
  object space 155648K, 33% used [0x0000000760000000,0x000000076324c638,0x0000000769800000)
 Metaspace       used 66090K, capacity 68370K, committed 68608K, reserved 1110016K
  class space    used 8447K, capacity 8876K, committed 8960K, reserved 1048576K
}
Event: 971.766 GC heap before
{Heap before GC invocations=27 (full 3):
 PSYoungGen      total 277504K, used 260663K [0x00000007a0000000, 0x00000007b7b00000, 0x00000007c0000000)
  eden space 239616K, 100% used [0x00000007a0000000,0x00000007aea00000,0x00000007aea00000)
  from space 37888K, 55% used [0x00000007aea00000,0x00000007afe8dcf0,0x00000007b0f00000)
  to   space 37888K, 0% used [0x00000007b5600000,0x00000007b5600000,0x00000007b7b00000)
 ParOldGen       total 155648K, used 51505K [0x0000000760000000, 0x0000000769800000, 0x00000007a0000000)
  object space 155648K, 33% used [0x0000000760000000,0x000000076324c638,0x0000000769800000)
 Metaspace       used 66659K, capacity 69068K, committed 69376K, reserved 1110016K
  class space    used 8472K, capacity 8907K, committed 8960K, reserved 1048576K

Deoptimization events (10 events):
Event: 970.858 Thread 0x00007fcb2a7d8000 Uncommon trap: reason=bimorphic action=maybe_recompile pc=0x000000010b502f24 method=com.sun.tools.javac.tree.TreeInfo.flags(Lcom/sun/tools/javac/tree/JCTree;)J @ 4
Event: 970.864 Thread 0x00007fcb2a7d8000 Uncommon trap: reason=bimorphic action=maybe_recompile pc=0x000000010b502f24 method=com.sun.tools.javac.tree.TreeInfo.flags(Lcom/sun/tools/javac/tree/JCTree;)J @ 4
Event: 970.875 Thread 0x00007fcb2a7d8000 Uncommon trap: reason=unstable_if action=reinterpret pc=0x000000010c471874 method=com.sun.tools.javac.model.FilteredMemberList.unwanted(Lcom/sun/tools/javac/code/Symbol;)Z @ 14
Event: 970.884 Thread 0x00007fcb2a7d8000 Uncommon trap: reason=unstable_if action=reinterpret pc=0x000000010c411554 method=com.sun.tools.javac.code.Scope.lookup(Lcom/sun/tools/javac/util/Name;Lcom/sun/tools/javac/util/Filter;)Lcom/sun/tools/javac/code/Scope$Entry; @ 19
Event: 971.517 Thread 0x00007fcb2a7d8000 Uncommon trap: reason=unstable_if action=reinterpret pc=0x000000010c7d134c method=org.objectweb.asm.ClassWriter.a(Ljava/lang/String;I)I @ 54
Event: 971.650 Thread 0x00007fcb29e01800 Uncommon trap: reason=bimorphic action=maybe_recompile pc=0x000000010c9acd08 method=com.android.dx.rop.code.InsnList.contentEquals(Lcom/android/dx/rop/code/InsnList;)Z @ 38
Event: 971.650 Thread 0x00007fcb26691800 Uncommon trap: reason=bimorphic action=maybe_recompile pc=0x000000010c9acd08 method=com.android.dx.rop.code.InsnList.contentEquals(Lcom/android/dx/rop/code/InsnList;)Z @ 38
Event: 971.650 Thread 0x00007fcb26691800 Uncommon trap: reason=bimorphic action=maybe_recompile pc=0x000000010c9acd08 method=com.android.dx.rop.code.InsnList.contentEquals(Lcom/android/dx/rop/code/InsnList;)Z @ 38
Event: 971.650 Thread 0x00007fcb26691800 Uncommon trap: reason=bimorphic action=maybe_recompile pc=0x000000010c9acd08 method=com.android.dx.rop.code.InsnList.contentEquals(Lcom/android/dx/rop/code/InsnList;)Z @ 38
Event: 971.663 Thread 0x00007fcb29e01800 Uncommon trap: reason=unstable_if action=reinterpret pc=0x000000010cafeb50 method=com.android.dx.ssa.InterferenceRegisterMapper.interferes(III)Z @ 55

Internal exceptions (10 events):
Event: 44.238 Thread 0x00007fcb26482800 Exception <a 'java/lang/NoSuchMethodError': <clinit>> (0x00000007a6dd09a0) thrown at [/Volumes/Android_AOSP/AOSP-openjdk/external/jetbrains/jdk/hotspot/src/share/vm/prims/jni.cpp, line 1613]
Event: 44.251 Thread 0x00007fcb25c14800 Exception <a 'java/lang/NoSuchMethodError': <clinit>> (0x00000007a740afc0) thrown at [/Volumes/Android_AOSP/AOSP-openjdk/external/jetbrains/jdk/hotspot/src/share/vm/prims/jni.cpp, line 1613]
Event: 82.689 Thread 0x00007fcb2648e800 Exception <a 'java/lang/ClassNotFoundException': asLocalRepo1_dfv1v75sj674zzv6x93enuhngBeanInfo> (0x00000007a6a1a478) thrown at [/Volumes/Android_AOSP/AOSP-openjdk/external/jetbrains/jdk/hotspot/src/share/vm/classfile/systemDictionary.cpp, line 210]
Event: 82.690 Thread 0x00007fcb2648e800 Exception <a 'java/lang/ClassNotFoundException': asLocalRepo1_dfv1v75sj674zzv6x93enuhngCustomizer> (0x00000007a6a25d40) thrown at [/Volumes/Android_AOSP/AOSP-openjdk/external/jetbrains/jdk/hotspot/src/share/vm/classfile/systemDictionary.cpp, line 210]
Event: 83.505 Thread 0x00007fcb2648e800 Exception <a 'java/lang/reflect/InvocationTargetException'> (0x00000007a9e558b0) thrown at [/Volumes/Android_AOSP/AOSP-openjdk/external/jetbrains/jdk/hotspot/src/share/vm/runtime/reflection.cpp, line 1092]
Event: 84.810 Thread 0x00007fcb2648e800 Exception <a 'sun/nio/fs/UnixException'> (0x00000007accae5a0) thrown at [/Volumes/Android_AOSP/AOSP-openjdk/external/jetbrains/jdk/hotspot/src/share/vm/prims/jni.cpp, line 709]
Event: 968.206 Thread 0x00007fcb2a7d8000 Exception <a 'java/lang/ClassNotFoundException': asLocalRepo2_a2ysr6kbx44i06nx99c3tzxa5BeanInfo> (0x00000007ad835ea0) thrown at [/Volumes/Android_AOSP/AOSP-openjdk/external/jetbrains/jdk/hotspot/src/share/vm/classfile/systemDictionary.cpp, line 210]
Event: 968.208 Thread 0x00007fcb2a7d8000 Exception <a 'java/lang/ClassNotFoundException': asLocalRepo2_a2ysr6kbx44i06nx99c3tzxa5Customizer> (0x00000007ad841350) thrown at [/Volumes/Android_AOSP/AOSP-openjdk/external/jetbrains/jdk/hotspot/src/share/vm/classfile/systemDictionary.cpp, line 210]
Event: 969.556 Thread 0x00007fcb2a7d8000 Implicit null exception at 0x000000010cdd7bbb to 0x000000010cdd7e7c
Event: 971.050 Thread 0x00007fcb2a7d8000 Exception <a 'java/lang/NoSuchMethodError': java.lang.Object.lambda$asRunnable$0(Lcom/android/apkzlib/utils/IOExceptionRunnable;)V> (0x00000007a9094498) thrown at [/Volumes/Android_AOSP/AOSP-openjdk/external/jetbrains/jdk/hotspot/src/share/vm/interpreter/

Events (10 events):
Event: 971.707 Thread 0x00007fcb2a2f3800 DEOPT UNPACKING pc=0x000000010af7d373 sp=0x000070000a62dc90 mode 0
Event: 971.707 Thread 0x00007fcb2a2f3800 DEOPT PACKING pc=0x000000010c959b70 sp=0x000070000a62e190
Event: 971.707 Thread 0x00007fcb2a2f3800 DEOPT UNPACKING pc=0x000000010af7d373 sp=0x000070000a62df10 mode 0
Event: 971.710 Thread 0x00007fcb2abab800 DEOPT PACKING pc=0x000000010c853399 sp=0x000070000aa39120
Event: 971.710 Thread 0x00007fcb2abab800 DEOPT UNPACKING pc=0x000000010af7d373 sp=0x000070000aa38eb0 mode 0
Event: 971.732 Thread 0x00007fcb2a76e000 DEOPT PACKING pc=0x000000010c8c0315 sp=0x000070000ae45e80
Event: 971.732 Thread 0x00007fcb2a76e000 DEOPT UNPACKING pc=0x000000010af7d373 sp=0x000070000ae45c08 mode 0
Event: 971.750 Thread 0x00007fcb2abab800 DEOPT PACKING pc=0x000000010c8c9391 sp=0x000070000aa39100
Event: 971.750 Thread 0x00007fcb2abab800 DEOPT UNPACKING pc=0x000000010af7d373 sp=0x000070000aa38f60 mode 0
Event: 971.765 Executing VM operation: ParallelGCFailedAllocation


Dynamic libraries:
0x0000000021893000 	/System/Library/Frameworks/Cocoa.framework/Versions/A/Cocoa
0x0000000021893000 	/System/Library/Frameworks/Security.framework/Versions/A/Security
0x0000000021893000 	/System/Library/Frameworks/ApplicationServices.framework/Versions/A/ApplicationServices
0x0000000021893000 	/usr/lib/libz.1.dylib
0x000000010673a000 	/usr/lib/libSystem.B.dylib
0x0000000021893000 	/usr/lib/libobjc.A.dylib
0x0000000021893000 	/System/Library/Frameworks/Foundation.framework/Versions/C/Foundation
0x0000000021893000 	/System/Library/Frameworks/CoreFoundation.framework/Versions/A/CoreFoundation
0x0000000021893000 	/System/Library/Frameworks/AppKit.framework/Versions/C/AppKit
0x0000000021893000 	/System/Library/Frameworks/CoreData.framework/Versions/A/CoreData
0x0000000021893000 	/System/Library/PrivateFrameworks/RemoteViewServices.framework/Versions/A/RemoteViewServices
0x0000000021893000 	/System/Library/PrivateFrameworks/UIFoundation.framework/Versions/A/UIFoundation
0x0000000021893000 	/System/Library/PrivateFrameworks/DFRFoundation.framework/Versions/A/DFRFoundation
0x0000000021893000 	/usr/lib/libenergytrace.dylib
0x0000000021893000 	/System/Library/PrivateFrameworks/SkyLight.framework/Versions/A/SkyLight
0x0000000021893000 	/System/Library/Frameworks/CoreGraphics.framework/Versions/A/CoreGraphics
0x0000000021893000 	/usr/lib/libScreenReader.dylib
0x0000000021893000 	/System/Library/Frameworks/Accelerate.framework/Versions/A/Accelerate
0x0000000021893000 	/System/Library/Frameworks/IOSurface.framework/Versions/A/IOSurface
0x0000000021893000 	/System/Library/Frameworks/AudioToolbox.framework/Versions/A/AudioToolbox
0x0000000021893000 	/System/Library/Frameworks/AudioUnit.framework/Versions/A/AudioUnit
0x0000000021893000 	/System/Library/PrivateFrameworks/DataDetectorsCore.framework/Versions/A/DataDetectorsCore
0x0000000021893000 	/System/Library/PrivateFrameworks/DesktopServicesPriv.framework/Versions/A/DesktopServicesPriv
0x0000000021893000 	/System/Library/Frameworks/Carbon.framework/Versions/A/Frameworks/HIToolbox.framework/Versions/A/HIToolbox
0x0000000021893000 	/usr/lib/libicucore.A.dylib
0x0000000021893000 	/System/Library/Frameworks/QuartzCore.framework/Versions/A/QuartzCore
0x0000000021893000 	/System/Library/Frameworks/Carbon.framework/Versions/A/Frameworks/SpeechRecognition.framework/Versions/A/SpeechRecognition
0x0000000021893000 	/usr/lib/libauto.dylib
0x0000000021893000 	/usr/lib/libxml2.2.dylib
0x0000000021893000 	/System/Library/PrivateFrameworks/CoreUI.framework/Versions/A/CoreUI
0x0000000021893000 	/System/Library/Frameworks/CoreAudio.framework/Versions/A/CoreAudio
0x0000000021893000 	/System/Library/Frameworks/DiskArbitration.framework/Versions/A/DiskArbitration
0x0000000021893000 	/usr/lib/liblangid.dylib
0x0000000021893000 	/System/Library/PrivateFrameworks/MultitouchSupport.framework/Versions/A/MultitouchSupport
0x0000000106742000 	/System/Library/Frameworks/IOKit.framework/Versions/A/IOKit
0x0000000021893000 	/usr/lib/libDiagnosticMessagesClient.dylib
0x0000000021893000 	/System/Library/Frameworks/CoreServices.framework/Versions/A/CoreServices
0x0000000021893000 	/System/Library/PrivateFrameworks/PerformanceAnalysis.framework/Versions/A/PerformanceAnalysis
0x0000000021893000 	/System/Library/PrivateFrameworks/GenerationalStorage.framework/Versions/A/GenerationalStorage
0x0000000021893000 	/System/Library/Frameworks/OpenGL.framework/Versions/A/OpenGL
0x0000000021893000 	/System/Library/Frameworks/CoreImage.framework/Versions/A/CoreImage
0x0000000021893000 	/System/Library/Frameworks/CoreText.framework/Versions/A/CoreText
0x0000000021893000 	/System/Library/Frameworks/ImageIO.framework/Versions/A/ImageIO
0x0000000021893000 	/System/Library/PrivateFrameworks/Backup.framework/Versions/A/Backup
0x0000000021893000 	/usr/lib/libarchive.2.dylib
0x000000010681f000 	/System/Library/Frameworks/CFNetwork.framework/Versions/A/CFNetwork
0x0000000021893000 	/System/Library/Frameworks/SystemConfiguration.framework/Versions/A/SystemConfiguration
0x0000000021893000 	/usr/lib/libCRFSuite.dylib
0x0000000021893000 	/usr/lib/libc++.1.dylib
0x0000000021893000 	/usr/lib/libc++abi.dylib
0x0000000021893000 	/usr/lib/system/libcache.dylib
0x0000000021893000 	/usr/lib/system/libcommonCrypto.dylib
0x0000000021893000 	/usr/lib/system/libcompiler_rt.dylib
0x0000000021893000 	/usr/lib/system/libcopyfile.dylib
0x0000000021893000 	/usr/lib/system/libcorecrypto.dylib
0x0000000106f1c000 	/usr/lib/system/libdispatch.dylib
0x0000000106f8d000 	/usr/lib/system/libdyld.dylib
0x0000000021893000 	/usr/lib/system/libkeymgr.dylib
0x0000000106f9d000 	/usr/lib/system/liblaunch.dylib
0x0000000106faa000 	/usr/lib/system/libmacho.dylib
0x0000000106fb8000 	/usr/lib/system/libquarantine.dylib
0x0000000021893000 	/usr/lib/system/libremovefile.dylib
0x0000000021893000 	/usr/lib/system/libsystem_asl.dylib
0x0000000021893000 	/usr/lib/system/libsystem_blocks.dylib
0x0000000106fc5000 	/usr/lib/system/libsystem_c.dylib
0x000000010707a000 	/usr/lib/system/libsystem_configuration.dylib
0x0000000107088000 	/usr/lib/system/libsystem_coreservices.dylib
0x0000000021893000 	/usr/lib/system/libsystem_coretls.dylib
0x0000000107097000 	/usr/lib/system/libsystem_dnssd.dylib
0x00000001070a6000 	/usr/lib/system/libsystem_info.dylib
0x00000001070e7000 	/usr/lib/system/libsystem_kernel.dylib
0x0000000107127000 	/usr/lib/system/libsystem_m.dylib
0x0000000107181000 	/usr/lib/system/libsystem_malloc.dylib
0x00000001071b3000 	/usr/lib/system/libsystem_network.dylib
0x0000000107234000 	/usr/lib/system/libsystem_networkextension.dylib
0x0000000021893000 	/usr/lib/system/libsystem_notify.dylib
0x000000010724a000 	/usr/lib/system/libsystem_platform.dylib
0x000000010725b000 	/usr/lib/system/libsystem_pthread.dylib
0x0000000107277000 	/usr/lib/system/libsystem_sandbox.dylib
0x0000000107285000 	/usr/lib/system/libsystem_secinit.dylib
0x000000010728c000 	/usr/lib/system/libsystem_symptoms.dylib
0x000000010729a000 	/usr/lib/system/libsystem_trace.dylib
0x0000000021893000 	/usr/lib/system/libunwind.dylib
0x00000001072be000 	/usr/lib/system/libxpc.dylib
0x0000000021893000 	/usr/lib/libbsm.0.dylib
0x000000010730e000 	/usr/lib/system/libkxld.dylib
0x0000000021893000 	/usr/lib/libcoretls.dylib
0x0000000021893000 	/usr/lib/libcoretls_cfhelpers.dylib
0x0000000021893000 	/usr/lib/libOpenScriptingUtil.dylib
0x0000000021893000 	/usr/lib/libpam.2.dylib
0x0000000107321000 	/usr/lib/libsqlite3.dylib
0x0000000021893000 	/usr/lib/libxar.1.dylib
0x0000000021893000 	/usr/lib/libbz2.1.0.dylib
0x0000000021893000 	/usr/lib/liblzma.5.dylib
0x000000010748e000 	/usr/lib/libnetwork.dylib
0x0000000021893000 	/usr/lib/libpcap.A.dylib
0x0000000021893000 	/System/Library/Frameworks/CoreServices.framework/Versions/A/Frameworks/FSEvents.framework/Versions/A/FSEvents
0x0000000021893000 	/System/Library/Frameworks/CoreServices.framework/Versions/A/Frameworks/CarbonCore.framework/Versions/A/CarbonCore
0x0000000021893000 	/System/Library/Frameworks/CoreServices.framework/Versions/A/Frameworks/Metadata.framework/Versions/A/Metadata
0x0000000021893000 	/System/Library/Frameworks/CoreServices.framework/Versions/A/Frameworks/OSServices.framework/Versions/A/OSServices
0x0000000021893000 	/System/Library/Frameworks/CoreServices.framework/Versions/A/Frameworks/SearchKit.framework/Versions/A/SearchKit
0x0000000021893000 	/System/Library/Frameworks/CoreServices.framework/Versions/A/Frameworks/AE.framework/Versions/A/AE
0x0000000021893000 	/System/Library/Frameworks/CoreServices.framework/Versions/A/Frameworks/LaunchServices.framework/Versions/A/LaunchServices
0x0000000021893000 	/System/Library/Frameworks/CoreServices.framework/Versions/A/Frameworks/DictionaryServices.framework/Versions/A/DictionaryServices
0x0000000021893000 	/System/Library/Frameworks/CoreServices.framework/Versions/A/Frameworks/SharedFileList.framework/Versions/A/SharedFileList
0x0000000021893000 	/System/Library/Frameworks/NetFS.framework/Versions/A/NetFS
0x0000000021893000 	/System/Library/PrivateFrameworks/NetAuth.framework/Versions/A/NetAuth
0x0000000021893000 	/System/Library/PrivateFrameworks/login.framework/Versions/A/Frameworks/loginsupport.framework/Versions/A/loginsupport
0x0000000021893000 	/System/Library/PrivateFrameworks/TCC.framework/Versions/A/TCC
0x0000000021893000 	/usr/lib/libmecabra.dylib
0x0000000021893000 	/System/Library/Frameworks/ApplicationServices.framework/Versions/A/Frameworks/ATS.framework/Versions/A/ATS
0x0000000021893000 	/System/Library/Frameworks/ApplicationServices.framework/Versions/A/Frameworks/ColorSync.framework/Versions/A/ColorSync
0x0000000021893000 	/System/Library/Frameworks/ApplicationServices.framework/Versions/A/Frameworks/HIServices.framework/Versions/A/HIServices
0x0000000021893000 	/System/Library/Frameworks/ApplicationServices.framework/Versions/A/Frameworks/LangAnalysis.framework/Versions/A/LangAnalysis
0x0000000021893000 	/System/Library/Frameworks/ApplicationServices.framework/Versions/A/Frameworks/PrintCore.framework/Versions/A/PrintCore
0x0000000021893000 	/System/Library/Frameworks/ApplicationServices.framework/Versions/A/Frameworks/QD.framework/Versions/A/QD
0x0000000021893000 	/System/Library/Frameworks/ApplicationServices.framework/Versions/A/Frameworks/SpeechSynthesis.framework/Versions/A/SpeechSynthesis
0x0000000021893000 	/System/Library/Frameworks/Accelerate.framework/Versions/A/Frameworks/vImage.framework/Versions/A/vImage
0x0000000021893000 	/System/Library/Frameworks/Accelerate.framework/Versions/A/Frameworks/vecLib.framework/Versions/A/vecLib
0x0000000021893000 	/System/Library/Frameworks/Accelerate.framework/Versions/A/Frameworks/vecLib.framework/Versions/A/libvDSP.dylib
0x0000000021893000 	/System/Library/Frameworks/Accelerate.framework/Versions/A/Frameworks/vecLib.framework/Versions/A/libBNNS.dylib
0x0000000021893000 	/System/Library/Frameworks/Accelerate.framework/Versions/A/Frameworks/vecLib.framework/Versions/A/libQuadrature.dylib
0x0000000021893000 	/System/Library/Frameworks/Accelerate.framework/Versions/A/Frameworks/vecLib.framework/Versions/A/libvMisc.dylib
0x0000000021893000 	/System/Library/Frameworks/Accelerate.framework/Versions/A/Frameworks/vecLib.framework/Versions/A/libLAPACK.dylib
0x0000000021893000 	/System/Library/Frameworks/Accelerate.framework/Versions/A/Frameworks/vecLib.framework/Versions/A/libBLAS.dylib
0x0000000021893000 	/System/Library/Frameworks/Accelerate.framework/Versions/A/Frameworks/vecLib.framework/Versions/A/libLinearAlgebra.dylib
0x0000000021893000 	/System/Library/Frameworks/Accelerate.framework/Versions/A/Frameworks/vecLib.framework/Versions/A/libSparseBLAS.dylib
0x0000000021893000 	/System/Library/Frameworks/ApplicationServices.framework/Versions/A/Frameworks/ATS.framework/Versions/A/Resources/libFontParser.dylib
0x0000000021893000 	/System/Library/Frameworks/ApplicationServices.framework/Versions/A/Frameworks/ATS.framework/Versions/A/Resources/libFontRegistry.dylib
0x0000000021893000 	/System/Library/Frameworks/ImageIO.framework/Versions/A/Resources/libJPEG.dylib
0x0000000021893000 	/System/Library/Frameworks/ImageIO.framework/Versions/A/Resources/libTIFF.dylib
0x0000000021893000 	/System/Library/Frameworks/ImageIO.framework/Versions/A/Resources/libPng.dylib
0x0000000021893000 	/System/Library/Frameworks/ImageIO.framework/Versions/A/Resources/libGIF.dylib
0x0000000021893000 	/System/Library/Frameworks/ImageIO.framework/Versions/A/Resources/libJP2.dylib
0x0000000021893000 	/System/Library/Frameworks/ImageIO.framework/Versions/A/Resources/libRadiance.dylib
0x0000000021893000 	/usr/lib/libcompression.dylib
0x0000000021893000 	/System/Library/PrivateFrameworks/AppleJPEG.framework/Versions/A/AppleJPEG
0x0000000021893000 	/usr/lib/libcups.2.dylib
0x0000000021893000 	/System/Library/Frameworks/Kerberos.framework/Versions/A/Kerberos
0x0000000021893000 	/System/Library/Frameworks/GSS.framework/Versions/A/GSS
0x0000000021893000 	/usr/lib/libresolv.9.dylib
0x0000000021893000 	/usr/lib/libiconv.2.dylib
0x0000000021893000 	/System/Library/PrivateFrameworks/Heimdal.framework/Versions/A/Heimdal
0x0000000021893000 	/usr/lib/libheimdal-asn1.dylib
0x0000000021893000 	/System/Library/Frameworks/OpenDirectory.framework/Versions/A/OpenDirectory
0x0000000021893000 	/System/Library/PrivateFrameworks/CommonAuth.framework/Versions/A/CommonAuth
0x0000000021893000 	/System/Library/Frameworks/OpenDirectory.framework/Versions/A/Frameworks/CFOpenDirectory.framework/Versions/A/CFOpenDirectory
0x0000000021893000 	/System/Library/Frameworks/SecurityFoundation.framework/Versions/A/SecurityFoundation
0x0000000021893000 	/System/Library/PrivateFrameworks/LanguageModeling.framework/Versions/A/LanguageModeling
0x0000000021893000 	/usr/lib/libmarisa.dylib
0x0000000021893000 	/usr/lib/libChineseTokenizer.dylib
0x0000000021893000 	/usr/lib/libcmph.dylib
0x0000000021893000 	/System/Library/PrivateFrameworks/CoreEmoji.framework/Versions/A/CoreEmoji
0x0000000107545000 	/System/Library/Frameworks/ServiceManagement.framework/Versions/A/ServiceManagement
0x0000000021893000 	/usr/lib/libxslt.1.dylib
0x0000000021893000 	/System/Library/Frameworks/Carbon.framework/Versions/A/Frameworks/Ink.framework/Versions/A/Ink
0x0000000021893000 	/System/Library/PrivateFrameworks/TextureIO.framework/Versions/A/TextureIO
0x0000000021893000 	/System/Library/Frameworks/Metal.framework/Versions/A/Metal
0x0000000021893000 	/usr/lib/libate.dylib
0x0000000021893000 	/System/Library/PrivateFrameworks/GPUCompiler.framework/libmetal_timestamp.dylib
0x0000000021893000 	/System/Library/Frameworks/OpenGL.framework/Versions/A/Libraries/libCoreFSCache.dylib
0x0000000021893000 	/System/Library/PrivateFrameworks/IOAccelerator.framework/Versions/A/IOAccelerator
0x0000000021893000 	/System/Library/Frameworks/CoreVideo.framework/Versions/A/CoreVideo
0x0000000021893000 	/usr/lib/libFosl_dynamic.dylib
0x0000000021893000 	/System/Library/PrivateFrameworks/MetalPerformanceShaders.framework/Versions/A/MetalPerformanceShaders
0x0000000021893000 	/System/Library/PrivateFrameworks/FaceCore.framework/Versions/A/FaceCore
0x0000000021893000 	/System/Library/Frameworks/OpenCL.framework/Versions/A/OpenCL
0x0000000021893000 	/System/Library/Frameworks/OpenGL.framework/Versions/A/Libraries/libGLU.dylib
0x0000000021893000 	/System/Library/Frameworks/OpenGL.framework/Versions/A/Libraries/libGFXShared.dylib
0x0000000021893000 	/System/Library/Frameworks/OpenGL.framework/Versions/A/Libraries/libGL.dylib
0x0000000021893000 	/System/Library/Frameworks/OpenGL.framework/Versions/A/Libraries/libGLImage.dylib
0x0000000021893000 	/System/Library/Frameworks/OpenGL.framework/Versions/A/Libraries/libCVMSPluginSupport.dylib
0x0000000021893000 	/System/Library/Frameworks/OpenGL.framework/Versions/A/Libraries/libCoreVMClient.dylib
0x0000000021893000 	/System/Library/PrivateFrameworks/CrashReporterSupport.framework/Versions/A/CrashReporterSupport
0x0000000021893000 	/System/Library/PrivateFrameworks/Sharing.framework/Versions/A/Sharing
0x0000000021893000 	/System/Library/PrivateFrameworks/IconServices.framework/Versions/A/IconServices
0x0000000021893000 	/System/Library/PrivateFrameworks/ProtocolBuffer.framework/Versions/A/ProtocolBuffer
0x0000000021893000 	/System/Library/PrivateFrameworks/Apple80211.framework/Versions/A/Apple80211
0x0000000021893000 	/System/Library/Frameworks/CoreWLAN.framework/Versions/A/CoreWLAN
0x0000000021893000 	/System/Library/PrivateFrameworks/CoreUtils.framework/Versions/A/CoreUtils
0x0000000021893000 	/System/Library/Frameworks/IOBluetooth.framework/Versions/A/IOBluetooth
0x0000000021893000 	/System/Library/PrivateFrameworks/CoreWiFi.framework/Versions/A/CoreWiFi
0x0000000021893000 	/System/Library/Frameworks/CoreBluetooth.framework/Versions/A/CoreBluetooth
0x0000000107557000 	/System/Library/Frameworks/CoreDisplay.framework/Versions/A/CoreDisplay
0x0000000021893000 	/System/Library/PrivateFrameworks/IOPresentment.framework/Versions/A/IOPresentment
0x0000000021893000 	/System/Library/PrivateFrameworks/DSExternalDisplay.framework/Versions/A/DSExternalDisplay
0x0000000021893000 	/System/Library/PrivateFrameworks/DebugSymbols.framework/Versions/A/DebugSymbols
0x0000000021893000 	/System/Library/PrivateFrameworks/CoreSymbolication.framework/Versions/A/CoreSymbolication
0x0000000021893000 	/System/Library/PrivateFrameworks/Symbolication.framework/Versions/A/Symbolication
0x0000000021893000 	/System/Library/PrivateFrameworks/AppleFSCompression.framework/Versions/A/AppleFSCompression
0x0000000021893000 	/System/Library/PrivateFrameworks/SpeechRecognitionCore.framework/Versions/A/SpeechRecognitionCore
0x0000000021893000 	/System/Library/PrivateFrameworks/ChunkingLibrary.framework/Versions/A/ChunkingLibrary
0x0000000108000000 	/Applications/Android Studio.app/Contents/jre/jdk/Contents/Home/jre/lib/server/libjvm.dylib
0x0000000021893000 	/usr/lib/libstdc++.6.dylib
0x000000010769b000 	/Applications/Android Studio.app/Contents/jre/jdk/Contents/Home/jre/lib/libverify.dylib
0x00000001076a8000 	/Applications/Android Studio.app/Contents/jre/jdk/Contents/Home/jre/lib/libjava.dylib
0x00000001076e5000 	/Applications/Android Studio.app/Contents/jre/jdk/Contents/Home/jre/lib/libzip.dylib
0x000000010ae88000 	/System/Library/Frameworks/JavaVM.framework/Frameworks/JavaRuntimeSupport.framework/JavaRuntimeSupport
0x000000011d136000 	/System/Library/Frameworks/JavaVM.framework/Versions/A/Frameworks/JavaNativeFoundation.framework/Versions/A/JavaNativeFoundation
0x000000011d14b000 	/System/Library/Frameworks/JavaVM.framework/Versions/A/JavaVM
0x0000000021893000 	/System/Library/Frameworks/Carbon.framework/Versions/A/Carbon
0x000000011d158000 	/System/Library/PrivateFrameworks/JavaLaunching.framework/Versions/A/JavaLaunching
0x0000000021893000 	/System/Library/Frameworks/Carbon.framework/Versions/A/Frameworks/CommonPanels.framework/Versions/A/CommonPanels
0x0000000021893000 	/System/Library/Frameworks/Carbon.framework/Versions/A/Frameworks/Help.framework/Versions/A/Help
0x0000000021893000 	/System/Library/Frameworks/Carbon.framework/Versions/A/Frameworks/ImageCapture.framework/Versions/A/ImageCapture
0x0000000021893000 	/System/Library/Frameworks/Carbon.framework/Versions/A/Frameworks/OpenScripting.framework/Versions/A/OpenScripting
0x0000000021893000 	/System/Library/Frameworks/Carbon.framework/Versions/A/Frameworks/Print.framework/Versions/A/Print
0x0000000021893000 	/System/Library/Frameworks/Carbon.framework/Versions/A/Frameworks/SecurityHI.framework/Versions/A/SecurityHI
0x000000011ef6e000 	/Applications/Android Studio.app/Contents/jre/jdk/Contents/Home/jre/lib/libnet.dylib
0x000000011efcd000 	/Applications/Android Studio.app/Contents/jre/jdk/Contents/Home/jre/lib/libnio.dylib
0x000000011efdd000 	/Users/mel/.gradle/native/23/osx-amd64/libnative-platform.dylib
0x000000011f3a2000 	/Applications/Android Studio.app/Contents/jre/jdk/Contents/Home/jre/lib/libmanagement.dylib
0x000000011ee4f000 	/Applications/Android Studio.app/Contents/jre/jdk/Contents/Home/jre/lib/libsunec.dylib

VM Arguments:
jvm_args: -Xmx1536m -Dfile.encoding=UTF-8 -Duser.country=DE -Duser.language=de -Duser.variant 
java_command: org.gradle.launcher.daemon.bootstrap.GradleDaemon 3.3
java_class_path (initial): /Users/mel/.gradle/wrapper/dists/gradle-3.3-all/55gk2rcmfc6p2dg9u9ohc3hw9/gradle-3.3/lib/gradle-launcher-3.3.jar
Launcher Type: SUN_STANDARD

Environment Variables:
PATH=/usr/bin:/bin:/usr/sbin:/sbin
SHELL=/bin/bash

Signal Handlers:
SIGSEGV: [libjvm.dylib+0x57e9cd], sa_mask[0]=11111111011111110111111111111111, sa_flags=SA_ONSTACK|SA_RESTART|SA_SIGINFO
SIGBUS: [libjvm.dylib+0x57e9cd], sa_mask[0]=11111111011111110111111111111111, sa_flags=SA_RESTART|SA_SIGINFO
SIGFPE: [libjvm.dylib+0x45951c], sa_mask[0]=11111111011111110111111111111111, sa_flags=SA_RESTART|SA_SIGINFO
SIGPIPE: [libjvm.dylib+0x45951c], sa_mask[0]=11111111011111110111111111111111, sa_flags=SA_RESTART|SA_SIGINFO
SIGXFSZ: [libjvm.dylib+0x45951c], sa_mask[0]=11111111011111110111111111111111, sa_flags=SA_RESTART|SA_SIGINFO
SIGILL: [libjvm.dylib+0x45951c], sa_mask[0]=11111111011111110111111111111111, sa_flags=SA_RESTART|SA_SIGINFO
SIGUSR1: SIG_DFL, sa_mask[0]=00000000000000000000000000000000, sa_flags=none
SIGUSR2: [libjvm.dylib+0x45903a], sa_mask[0]=00100000000000000000000000000000, sa_flags=SA_RESTART|SA_SIGINFO
SIGHUP: [libjvm.dylib+0x457611], sa_mask[0]=11111111011111110111111111111111, sa_flags=SA_RESTART|SA_SIGINFO
SIGINT: [libjvm.dylib+0x457611], sa_mask[0]=11111111011111110111111111111111, sa_flags=SA_RESTART|SA_SIGINFO
SIGTERM: [libjvm.dylib+0x457611], sa_mask[0]=11111111011111110111111111111111, sa_flags=SA_RESTART|SA_SIGINFO
SIGQUIT: [libjvm.dylib+0x457611], sa_mask[0]=11111111011111110111111111111111, sa_flags=SA_RESTART|SA_SIGINFO


---------------  S Y S T E M  ---------------

OS:Bsduname:Darwin 16.6.0 Darwin Kernel Version 16.6.0: Fri Apr 14 16:21:16 PDT 2017; root:xnu-3789.60.24~6/RELEASE_X86_64 x86_64
rlimit: STACK 8192k, CORE 0k, NPROC 709, NOFILE 10240, AS infinity
load average:3.34 2.34 2.46

CPU:total 4 (2 cores per cpu, 2 threads per core) family 6 model 69 stepping 1, cmov, cx8, fxsr, mmx, sse, sse2, sse3, ssse3, sse4.1, sse4.2, popcnt, avx, avx2, aes, clmul, erms, lzcnt, ht, tsc, tscinvbit, bmi1, bmi2

Memory: 4k page, physical 8388608k(1785884k free)

/proc/meminfo:


vm_info: OpenJDK 64-Bit Server VM (25.112-b06) for bsd-amd64 JRE (1.8.0_112-release-b06), built on Dec  6 2016 12:18:58 by "builder" with gcc 4.2.1 (Based on Apple Inc. build 5658) (LLVM build 2336.11.00)

time: Wed Jun  7 21:48:35 2017
elapsed time: 972 seconds (0d 0h 16m 12s)

